<?xml version="1.0" encoding="UTF-8"?>
<testsuite name="com.ViaVarejo.TesteViaVarejo.TesteViaVarejoApplicationTests" tests="1" skipped="0" failures="0" errors="0" timestamp="2021-05-11T23:53:29" hostname="Jojo.local" time="0.562">
  <properties/>
  <testcase name="contextLoads()" classname="com.ViaVarejo.TesteViaVarejo.TesteViaVarejoApplicationTests" time="0.562"/>
  <system-out><![CDATA[20:53:14.241 [Test worker] DEBUG org.springframework.test.context.BootstrapUtils - Instantiating CacheAwareContextLoaderDelegate from class [org.springframework.test.context.cache.DefaultCacheAwareContextLoaderDelegate]
20:53:14.285 [Test worker] DEBUG org.springframework.test.context.BootstrapUtils - Instantiating BootstrapContext using constructor [public org.springframework.test.context.support.DefaultBootstrapContext(java.lang.Class,org.springframework.test.context.CacheAwareContextLoaderDelegate)]
20:53:14.381 [Test worker] DEBUG org.springframework.test.context.BootstrapUtils - Instantiating TestContextBootstrapper for test class [com.ViaVarejo.TesteViaVarejo.TesteViaVarejoApplicationTests] from class [org.springframework.boot.test.context.SpringBootTestContextBootstrapper]
20:53:14.417 [Test worker] INFO org.springframework.boot.test.context.SpringBootTestContextBootstrapper - Neither @ContextConfiguration nor @ContextHierarchy found for test class [com.ViaVarejo.TesteViaVarejo.TesteViaVarejoApplicationTests], using SpringBootContextLoader
20:53:14.427 [Test worker] DEBUG org.springframework.test.context.support.AbstractContextLoader - Did not detect default resource location for test class [com.ViaVarejo.TesteViaVarejo.TesteViaVarejoApplicationTests]: class path resource [com/ViaVarejo/TesteViaVarejo/TesteViaVarejoApplicationTests-context.xml] does not exist
20:53:14.429 [Test worker] DEBUG org.springframework.test.context.support.AbstractContextLoader - Did not detect default resource location for test class [com.ViaVarejo.TesteViaVarejo.TesteViaVarejoApplicationTests]: class path resource [com/ViaVarejo/TesteViaVarejo/TesteViaVarejoApplicationTestsContext.groovy] does not exist
20:53:14.430 [Test worker] INFO org.springframework.test.context.support.AbstractContextLoader - Could not detect default resource locations for test class [com.ViaVarejo.TesteViaVarejo.TesteViaVarejoApplicationTests]: no resource found for suffixes {-context.xml, Context.groovy}.
20:53:14.432 [Test worker] INFO org.springframework.test.context.support.AnnotationConfigContextLoaderUtils - Could not detect default configuration classes for test class [com.ViaVarejo.TesteViaVarejo.TesteViaVarejoApplicationTests]: TesteViaVarejoApplicationTests does not declare any static, non-private, non-final, nested classes annotated with @Configuration.
20:53:14.568 [Test worker] DEBUG org.springframework.test.context.support.ActiveProfilesUtils - Could not find an 'annotation declaring class' for annotation type [org.springframework.test.context.ActiveProfiles] and class [com.ViaVarejo.TesteViaVarejo.TesteViaVarejoApplicationTests]
20:53:14.675 [Test worker] DEBUG org.springframework.context.annotation.ClassPathScanningCandidateComponentProvider - Identified candidate component class: file [/Users/jonatas/Documents/github/TesteViaVarejo/build/classes/java/main/com/ViaVarejo/TesteViaVarejo/TesteViaVarejoApplication.class]
20:53:14.676 [Test worker] INFO org.springframework.boot.test.context.SpringBootTestContextBootstrapper - Found @SpringBootConfiguration com.ViaVarejo.TesteViaVarejo.TesteViaVarejoApplication for test class com.ViaVarejo.TesteViaVarejo.TesteViaVarejoApplicationTests
20:53:14.838 [Test worker] DEBUG org.springframework.boot.test.context.SpringBootTestContextBootstrapper - @TestExecutionListeners is not present for class [com.ViaVarejo.TesteViaVarejo.TesteViaVarejoApplicationTests]: using defaults.
20:53:14.839 [Test worker] INFO org.springframework.boot.test.context.SpringBootTestContextBootstrapper - Loaded default TestExecutionListener class names from location [META-INF/spring.factories]: [org.springframework.boot.test.autoconfigure.restdocs.RestDocsTestExecutionListener, org.springframework.boot.test.autoconfigure.web.client.MockRestServiceServerResetTestExecutionListener, org.springframework.boot.test.autoconfigure.web.servlet.MockMvcPrintOnlyOnFailureTestExecutionListener, org.springframework.boot.test.autoconfigure.web.servlet.WebDriverTestExecutionListener, org.springframework.boot.test.autoconfigure.webservices.client.MockWebServiceServerTestExecutionListener, org.springframework.boot.test.mock.mockito.MockitoTestExecutionListener, org.springframework.boot.test.mock.mockito.ResetMocksTestExecutionListener, org.springframework.test.context.web.ServletTestExecutionListener, org.springframework.test.context.support.DirtiesContextBeforeModesTestExecutionListener, org.springframework.test.context.event.ApplicationEventsTestExecutionListener, org.springframework.test.context.support.DependencyInjectionTestExecutionListener, org.springframework.test.context.support.DirtiesContextTestExecutionListener, org.springframework.test.context.transaction.TransactionalTestExecutionListener, org.springframework.test.context.jdbc.SqlScriptsTestExecutionListener, org.springframework.test.context.event.EventPublishingTestExecutionListener]
20:53:14.880 [Test worker] INFO org.springframework.boot.test.context.SpringBootTestContextBootstrapper - Using TestExecutionListeners: [org.springframework.test.context.web.ServletTestExecutionListener@67b5b1d5, org.springframework.test.context.support.DirtiesContextBeforeModesTestExecutionListener@e0e2e34, org.springframework.test.context.event.ApplicationEventsTestExecutionListener@43127743, org.springframework.boot.test.mock.mockito.MockitoTestExecutionListener@362b9f29, org.springframework.boot.test.autoconfigure.SpringBootDependencyInjectionTestExecutionListener@7c5aab20, org.springframework.test.context.support.DirtiesContextTestExecutionListener@35a4511, org.springframework.test.context.transaction.TransactionalTestExecutionListener@53a29256, org.springframework.test.context.jdbc.SqlScriptsTestExecutionListener@399a8ddc, org.springframework.test.context.event.EventPublishingTestExecutionListener@10b02264, org.springframework.boot.test.autoconfigure.restdocs.RestDocsTestExecutionListener@41939fae, org.springframework.boot.test.autoconfigure.web.client.MockRestServiceServerResetTestExecutionListener@66485e8, org.springframework.boot.test.autoconfigure.web.servlet.MockMvcPrintOnlyOnFailureTestExecutionListener@6b7d0c95, org.springframework.boot.test.autoconfigure.web.servlet.WebDriverTestExecutionListener@7a4fa09c, org.springframework.boot.test.autoconfigure.webservices.client.MockWebServiceServerTestExecutionListener@27fc3e94, org.springframework.boot.test.mock.mockito.ResetMocksTestExecutionListener@515b446]
20:53:14.886 [Test worker] DEBUG org.springframework.test.context.support.AbstractDirtiesContextTestExecutionListener - Before test class: context [DefaultTestContext@5c7b388 testClass = TesteViaVarejoApplicationTests, testInstance = [null], testMethod = [null], testException = [null], mergedContextConfiguration = [WebMergedContextConfiguration@18f701d7 testClass = TesteViaVarejoApplicationTests, locations = '{}', classes = '{class com.ViaVarejo.TesteViaVarejo.TesteViaVarejoApplication}', contextInitializerClasses = '[]', activeProfiles = '{}', propertySourceLocations = '{}', propertySourceProperties = '{org.springframework.boot.test.context.SpringBootTestContextBootstrapper=true}', contextCustomizers = set[org.springframework.boot.test.autoconfigure.actuate.metrics.MetricsExportContextCustomizerFactory$DisableMetricExportContextCustomizer@2e4fa37c, org.springframework.boot.test.autoconfigure.properties.PropertyMappingContextCustomizer@0, org.springframework.boot.test.autoconfigure.web.servlet.WebDriverContextCustomizerFactory$Customizer@10eb058b, org.springframework.boot.test.context.filter.ExcludeFilterContextCustomizer@34c601fd, org.springframework.boot.test.json.DuplicateJsonObjectContextCustomizerFactory$DuplicateJsonObjectContextCustomizer@7f157898, org.springframework.boot.test.mock.mockito.MockitoContextCustomizer@0, org.springframework.boot.test.web.client.TestRestTemplateContextCustomizer@4f52c258, org.springframework.boot.test.context.SpringBootTestArgs@1, org.springframework.boot.test.context.SpringBootTestWebEnvironment@419a089e], resourceBasePath = 'src/main/webapp', contextLoader = 'org.springframework.boot.test.context.SpringBootContextLoader', parent = [null]], attributes = map['org.springframework.test.context.web.ServletTestExecutionListener.activateListener' -> true]], class annotated with @DirtiesContext [false] with mode [null].
20:53:14.939 [Test worker] DEBUG org.springframework.test.context.support.TestPropertySourceUtils - Adding inlined properties to environment: {spring.jmx.enabled=false, org.springframework.boot.test.context.SpringBootTestContextBootstrapper=true}

  .   ____          _            __ _ _
 /\\ / ___'_ __ _ _(_)_ __  __ _ \ \ \ \
( ( )\___ | '_ | '_| | '_ \/ _` | \ \ \ \
 \\/  ___)| |_)| | | | | || (_| |  ) ) ) )
  '  |____| .__|_| |_|_| |_\__, | / / / /
 =========|_|==============|___/=/_/_/_/
 :: Spring Boot ::                (v2.4.5)

2021-05-11 20:53:20.569  INFO 8243 --- [    Test worker] c.V.T.TesteViaVarejoApplicationTests     : Starting TesteViaVarejoApplicationTests using Java 11.0.10 on Jojo.local with PID 8243 (started by jonatas in /Users/jonatas/Documents/github/TesteViaVarejo)
2021-05-11 20:53:20.619  INFO 8243 --- [    Test worker] c.V.T.TesteViaVarejoApplicationTests     : No active profile set, falling back to default profiles: default
2021-05-11 20:53:23.176  INFO 8243 --- [    Test worker] .s.d.r.c.RepositoryConfigurationDelegate : Bootstrapping Spring Data JPA repositories in DEFAULT mode.
2021-05-11 20:53:23.204  INFO 8243 --- [    Test worker] .s.d.r.c.RepositoryConfigurationDelegate : Finished Spring Data repository scanning in 13 ms. Found 0 JPA repository interfaces.
2021-05-11 20:53:24.959  INFO 8243 --- [    Test worker] com.zaxxer.hikari.HikariDataSource       : HikariPool-1 - Starting...
2021-05-11 20:53:25.777  INFO 8243 --- [    Test worker] com.zaxxer.hikari.HikariDataSource       : HikariPool-1 - Start completed.
2021-05-11 20:53:25.975  INFO 8243 --- [    Test worker] o.hibernate.jpa.internal.util.LogHelper  : HHH000204: Processing PersistenceUnitInfo [name: default]
2021-05-11 20:53:26.090  INFO 8243 --- [    Test worker] org.hibernate.Version                    : HHH000412: Hibernate ORM core version 5.4.30.Final
2021-05-11 20:53:26.438  INFO 8243 --- [    Test worker] o.hibernate.annotations.common.Version   : HCANN000001: Hibernate Commons Annotations {5.1.2.Final}
2021-05-11 20:53:26.756  INFO 8243 --- [    Test worker] org.hibernate.dialect.Dialect            : HHH000400: Using dialect: org.hibernate.dialect.H2Dialect
2021-05-11 20:53:27.569  INFO 8243 --- [    Test worker] o.h.e.t.j.p.i.JtaPlatformInitiator       : HHH000490: Using JtaPlatform implementation: [org.hibernate.engine.transaction.jta.platform.internal.NoJtaPlatform]
2021-05-11 20:53:27.642  INFO 8243 --- [    Test worker] j.LocalContainerEntityManagerFactoryBean : Initialized JPA EntityManagerFactory for persistence unit 'default'
2021-05-11 20:53:28.192  WARN 8243 --- [    Test worker] JpaBaseConfiguration$JpaWebConfiguration : spring.jpa.open-in-view is enabled by default. Therefore, database queries may be performed during view rendering. Explicitly configure spring.jpa.open-in-view to disable this warning
2021-05-11 20:53:28.942  INFO 8243 --- [    Test worker] o.s.s.concurrent.ThreadPoolTaskExecutor  : Initializing ExecutorService 'applicationTaskExecutor'
2021-05-11 20:53:29.851  INFO 8243 --- [    Test worker] c.V.T.TesteViaVarejoApplicationTests     : Started TesteViaVarejoApplicationTests in 14.89 seconds (JVM running for 17.543)
]]></system-out>
  <system-err><![CDATA[]]></system-err>
</testsuite>
