<?xml version="1.0" encoding="UTF-8"?>
<testsuite name="com.ViaVarejo.TesteViaVarejo.TesteViaVarejoApplicationTests" tests="1" skipped="0" failures="0" errors="0" timestamp="2021-05-12T00:14:41" hostname="Jojo.local" time="0.734">
  <properties/>
  <testcase name="contextLoads()" classname="com.ViaVarejo.TesteViaVarejo.TesteViaVarejoApplicationTests" time="0.734"/>
  <system-out><![CDATA[21:14:22.150 [Test worker] DEBUG org.springframework.test.context.BootstrapUtils - Instantiating CacheAwareContextLoaderDelegate from class [org.springframework.test.context.cache.DefaultCacheAwareContextLoaderDelegate]
21:14:22.169 [Test worker] DEBUG org.springframework.test.context.BootstrapUtils - Instantiating BootstrapContext using constructor [public org.springframework.test.context.support.DefaultBootstrapContext(java.lang.Class,org.springframework.test.context.CacheAwareContextLoaderDelegate)]
21:14:22.233 [Test worker] DEBUG org.springframework.test.context.BootstrapUtils - Instantiating TestContextBootstrapper for test class [com.ViaVarejo.TesteViaVarejo.TesteViaVarejoApplicationTests] from class [org.springframework.boot.test.context.SpringBootTestContextBootstrapper]
21:14:22.253 [Test worker] INFO org.springframework.boot.test.context.SpringBootTestContextBootstrapper - Neither @ContextConfiguration nor @ContextHierarchy found for test class [com.ViaVarejo.TesteViaVarejo.TesteViaVarejoApplicationTests], using SpringBootContextLoader
21:14:22.259 [Test worker] DEBUG org.springframework.test.context.support.AbstractContextLoader - Did not detect default resource location for test class [com.ViaVarejo.TesteViaVarejo.TesteViaVarejoApplicationTests]: class path resource [com/ViaVarejo/TesteViaVarejo/TesteViaVarejoApplicationTests-context.xml] does not exist
21:14:22.260 [Test worker] DEBUG org.springframework.test.context.support.AbstractContextLoader - Did not detect default resource location for test class [com.ViaVarejo.TesteViaVarejo.TesteViaVarejoApplicationTests]: class path resource [com/ViaVarejo/TesteViaVarejo/TesteViaVarejoApplicationTestsContext.groovy] does not exist
21:14:22.261 [Test worker] INFO org.springframework.test.context.support.AbstractContextLoader - Could not detect default resource locations for test class [com.ViaVarejo.TesteViaVarejo.TesteViaVarejoApplicationTests]: no resource found for suffixes {-context.xml, Context.groovy}.
21:14:22.262 [Test worker] INFO org.springframework.test.context.support.AnnotationConfigContextLoaderUtils - Could not detect default configuration classes for test class [com.ViaVarejo.TesteViaVarejo.TesteViaVarejoApplicationTests]: TesteViaVarejoApplicationTests does not declare any static, non-private, non-final, nested classes annotated with @Configuration.
21:14:22.357 [Test worker] DEBUG org.springframework.test.context.support.ActiveProfilesUtils - Could not find an 'annotation declaring class' for annotation type [org.springframework.test.context.ActiveProfiles] and class [com.ViaVarejo.TesteViaVarejo.TesteViaVarejoApplicationTests]
21:14:22.438 [Test worker] DEBUG org.springframework.context.annotation.ClassPathScanningCandidateComponentProvider - Identified candidate component class: file [/Users/jonatas/Documents/github/TesteViaVarejo/build/classes/java/main/com/ViaVarejo/TesteViaVarejo/TesteViaVarejoApplication.class]
21:14:22.440 [Test worker] INFO org.springframework.boot.test.context.SpringBootTestContextBootstrapper - Found @SpringBootConfiguration com.ViaVarejo.TesteViaVarejo.TesteViaVarejoApplication for test class com.ViaVarejo.TesteViaVarejo.TesteViaVarejoApplicationTests
21:14:22.572 [Test worker] DEBUG org.springframework.boot.test.context.SpringBootTestContextBootstrapper - @TestExecutionListeners is not present for class [com.ViaVarejo.TesteViaVarejo.TesteViaVarejoApplicationTests]: using defaults.
21:14:22.573 [Test worker] INFO org.springframework.boot.test.context.SpringBootTestContextBootstrapper - Loaded default TestExecutionListener class names from location [META-INF/spring.factories]: [org.springframework.boot.test.autoconfigure.restdocs.RestDocsTestExecutionListener, org.springframework.boot.test.autoconfigure.web.client.MockRestServiceServerResetTestExecutionListener, org.springframework.boot.test.autoconfigure.web.servlet.MockMvcPrintOnlyOnFailureTestExecutionListener, org.springframework.boot.test.autoconfigure.web.servlet.WebDriverTestExecutionListener, org.springframework.boot.test.autoconfigure.webservices.client.MockWebServiceServerTestExecutionListener, org.springframework.boot.test.mock.mockito.MockitoTestExecutionListener, org.springframework.boot.test.mock.mockito.ResetMocksTestExecutionListener, org.springframework.test.context.web.ServletTestExecutionListener, org.springframework.test.context.support.DirtiesContextBeforeModesTestExecutionListener, org.springframework.test.context.event.ApplicationEventsTestExecutionListener, org.springframework.test.context.support.DependencyInjectionTestExecutionListener, org.springframework.test.context.support.DirtiesContextTestExecutionListener, org.springframework.test.context.transaction.TransactionalTestExecutionListener, org.springframework.test.context.jdbc.SqlScriptsTestExecutionListener, org.springframework.test.context.event.EventPublishingTestExecutionListener]
21:14:22.612 [Test worker] INFO org.springframework.boot.test.context.SpringBootTestContextBootstrapper - Using TestExecutionListeners: [org.springframework.test.context.web.ServletTestExecutionListener@97d9783, org.springframework.test.context.support.DirtiesContextBeforeModesTestExecutionListener@54c6ca61, org.springframework.test.context.event.ApplicationEventsTestExecutionListener@1717fcc2, org.springframework.boot.test.mock.mockito.MockitoTestExecutionListener@603a5d9f, org.springframework.boot.test.autoconfigure.SpringBootDependencyInjectionTestExecutionListener@59e0f94, org.springframework.test.context.support.DirtiesContextTestExecutionListener@67694884, org.springframework.test.context.transaction.TransactionalTestExecutionListener@4fb04947, org.springframework.test.context.jdbc.SqlScriptsTestExecutionListener@7d54238b, org.springframework.test.context.event.EventPublishingTestExecutionListener@8c3711a, org.springframework.boot.test.autoconfigure.restdocs.RestDocsTestExecutionListener@254325ee, org.springframework.boot.test.autoconfigure.web.client.MockRestServiceServerResetTestExecutionListener@68f4aa70, org.springframework.boot.test.autoconfigure.web.servlet.MockMvcPrintOnlyOnFailureTestExecutionListener@34e0949e, org.springframework.boot.test.autoconfigure.web.servlet.WebDriverTestExecutionListener@273878b9, org.springframework.boot.test.autoconfigure.webservices.client.MockWebServiceServerTestExecutionListener@1b6855e5, org.springframework.boot.test.mock.mockito.ResetMocksTestExecutionListener@5602cbd2]
21:14:22.617 [Test worker] DEBUG org.springframework.test.context.support.AbstractDirtiesContextTestExecutionListener - Before test class: context [DefaultTestContext@197f9b1e testClass = TesteViaVarejoApplicationTests, testInstance = [null], testMethod = [null], testException = [null], mergedContextConfiguration = [WebMergedContextConfiguration@21af399c testClass = TesteViaVarejoApplicationTests, locations = '{}', classes = '{class com.ViaVarejo.TesteViaVarejo.TesteViaVarejoApplication}', contextInitializerClasses = '[]', activeProfiles = '{}', propertySourceLocations = '{}', propertySourceProperties = '{org.springframework.boot.test.context.SpringBootTestContextBootstrapper=true}', contextCustomizers = set[org.springframework.boot.test.autoconfigure.actuate.metrics.MetricsExportContextCustomizerFactory$DisableMetricExportContextCustomizer@34c91d50, org.springframework.boot.test.autoconfigure.properties.PropertyMappingContextCustomizer@0, org.springframework.boot.test.autoconfigure.web.servlet.WebDriverContextCustomizerFactory$Customizer@2187c283, org.springframework.boot.test.context.filter.ExcludeFilterContextCustomizer@b7d1364, org.springframework.boot.test.json.DuplicateJsonObjectContextCustomizerFactory$DuplicateJsonObjectContextCustomizer@4f205b57, org.springframework.boot.test.mock.mockito.MockitoContextCustomizer@0, org.springframework.boot.test.web.client.TestRestTemplateContextCustomizer@6d43c786, org.springframework.boot.test.context.SpringBootTestArgs@1, org.springframework.boot.test.context.SpringBootTestWebEnvironment@69454cd1], resourceBasePath = 'src/main/webapp', contextLoader = 'org.springframework.boot.test.context.SpringBootContextLoader', parent = [null]], attributes = map['org.springframework.test.context.web.ServletTestExecutionListener.activateListener' -> true]], class annotated with @DirtiesContext [false] with mode [null].
21:14:22.659 [Test worker] DEBUG org.springframework.test.context.support.TestPropertySourceUtils - Adding inlined properties to environment: {spring.jmx.enabled=false, org.springframework.boot.test.context.SpringBootTestContextBootstrapper=true}

  .   ____          _            __ _ _
 /\\ / ___'_ __ _ _(_)_ __  __ _ \ \ \ \
( ( )\___ | '_ | '_| | '_ \/ _` | \ \ \ \
 \\/  ___)| |_)| | | | | || (_| |  ) ) ) )
  '  |____| .__|_| |_|_| |_\__, | / / / /
 =========|_|==============|___/=/_/_/_/
 :: Spring Boot ::                (v2.4.5)

2021-05-11 21:14:28.344  INFO 8350 --- [    Test worker] c.V.T.TesteViaVarejoApplicationTests     : Starting TesteViaVarejoApplicationTests using Java 11.0.10 on Jojo.local with PID 8350 (started by jonatas in /Users/jonatas/Documents/github/TesteViaVarejo)
2021-05-11 21:14:28.351  INFO 8350 --- [    Test worker] c.V.T.TesteViaVarejoApplicationTests     : No active profile set, falling back to default profiles: default
2021-05-11 21:14:32.211  INFO 8350 --- [    Test worker] .s.d.r.c.RepositoryConfigurationDelegate : Bootstrapping Spring Data JPA repositories in DEFAULT mode.
2021-05-11 21:14:32.353  INFO 8350 --- [    Test worker] .s.d.r.c.RepositoryConfigurationDelegate : Finished Spring Data repository scanning in 105 ms. Found 0 JPA repository interfaces.
2021-05-11 21:14:36.581  INFO 8350 --- [    Test worker] com.zaxxer.hikari.HikariDataSource       : HikariPool-1 - Starting...
2021-05-11 21:14:37.097  INFO 8350 --- [    Test worker] com.zaxxer.hikari.HikariDataSource       : HikariPool-1 - Start completed.
2021-05-11 21:14:37.252  INFO 8350 --- [    Test worker] o.hibernate.jpa.internal.util.LogHelper  : HHH000204: Processing PersistenceUnitInfo [name: default]
2021-05-11 21:14:37.507  INFO 8350 --- [    Test worker] org.hibernate.Version                    : HHH000412: Hibernate ORM core version 5.4.30.Final
2021-05-11 21:14:38.175  INFO 8350 --- [    Test worker] o.hibernate.annotations.common.Version   : HCANN000001: Hibernate Commons Annotations {5.1.2.Final}
2021-05-11 21:14:38.939  INFO 8350 --- [    Test worker] org.hibernate.dialect.Dialect            : HHH000400: Using dialect: org.hibernate.dialect.H2Dialect
2021-05-11 21:14:39.588  INFO 8350 --- [    Test worker] o.h.e.t.j.p.i.JtaPlatformInitiator       : HHH000490: Using JtaPlatform implementation: [org.hibernate.engine.transaction.jta.platform.internal.NoJtaPlatform]
2021-05-11 21:14:39.613  INFO 8350 --- [    Test worker] j.LocalContainerEntityManagerFactoryBean : Initialized JPA EntityManagerFactory for persistence unit 'default'
2021-05-11 21:14:40.272  WARN 8350 --- [    Test worker] JpaBaseConfiguration$JpaWebConfiguration : spring.jpa.open-in-view is enabled by default. Therefore, database queries may be performed during view rendering. Explicitly configure spring.jpa.open-in-view to disable this warning
2021-05-11 21:14:41.036  INFO 8350 --- [    Test worker] o.s.s.concurrent.ThreadPoolTaskExecutor  : Initializing ExecutorService 'applicationTaskExecutor'
2021-05-11 21:14:41.882  INFO 8350 --- [    Test worker] c.V.T.TesteViaVarejoApplicationTests     : Started TesteViaVarejoApplicationTests in 19.202 seconds (JVM running for 21.263)
]]></system-out>
  <system-err><![CDATA[]]></system-err>
</testsuite>
